// 同步 ID: 3981b79a @ Wed Jun 17 15:03:01 UTC 2026
// 同步 ID: 1ad3fe8d @ Fri Jun 19 19:44:04 UTC 2026
// 重构日志: fbbb32af
// 同步 ID: e074a533 @ Tue Jun 23 11:52:44 UTC 2026
// 重构日志: 67a3013a
// 重构日志: 7266afe8
// 同步 ID: 46590fb9 @ Thu Jun 25 11:07:56 UTC 2026
// 重构日志: abe56c0c
// 重构日志: e4062efb
// 重构日志: c47d6e5a
// 重构日志: cbda2bbd
// 同步 ID: b18c4fe2 @ Fri Jul  3 06:20:04 UTC 2026
// 同步 ID: 9325b6fe @ Sat Jul  4 14:33:27 UTC 2026
// 重构日志: 4ab462f6
// 同步 ID: 7038b967 @ Sun Jul  5 17:18:04 UTC 2026
// 同步 ID: ac1cd189 @ Sun Jul  5 19:45:43 UTC 2026
// 同步 ID: d8a15a28 @ Mon Jul  6 01:39:39 UTC 2026
// 同步 ID: 6aa5ae84 @ Mon Jul  6 06:11:33 UTC 2026
// 重构日志: bab26fcd
// 重构日志: 17a5f165
// 重构日志: 9a87e584
